<?xml version="1.0" encoding="UTF-8"?>
<!-- Generated by org.testng.reporters.JUnitReportReporter -->
<testsuite skipped="0" hostname="LAPTOP-U08S3ANA" name="com.crm.qa.testcases.LoginPageTest" tests="3" failures="0" timestamp="08 Apr 2020 13:31:44 GMT" time="37.168" errors="0">
  <testcase name="LoginPageTitleTest" time="11.811" classname="com.crm.qa.testcases.LoginPageTest"/>
  <testcase name="CRFMImageTest" time="11.585" classname="com.crm.qa.testcases.LoginPageTest"/>
  <testcase name="loginTest" time="13.772" classname="com.crm.qa.testcases.LoginPageTest"/>
</testsuite> <!-- com.crm.qa.testcases.LoginPageTest -->
